[20:48:14] Loading dataset
[20:48:14] Building temporal anchor OOF/test
[20:49:46] anchor full=0.595830 last=0.593282
[20:49:46] Searching balance rate for Q1
[20:49:48] Q1 anchor_last=0.618506 last_best_rate=None last=0.618506 guarded_rate=None guarded_last=0.618506
[20:49:48] Searching balance rate for Q2
[20:49:50] Q2 anchor_last=0.638084 last_best_rate=None last=0.638084 guarded_rate=None guarded_last=0.638084
[20:49:50] Searching balance rate for Q3
[20:49:52] Q3 anchor_last=0.634692 last_best_rate=None last=0.634692 guarded_rate=None guarded_last=0.634692

=== Structural balance candidates ===
      candidate                                   rates  full_logloss  last_logloss  full_delta_vs_anchor  last_delta_vs_anchor
         anchor                                      {}      0.595830      0.593282                   NaN                   NaN
allq_rate_0p735 {"Q1": 0.735, "Q2": 0.735, "Q3": 0.735}      1.040890      0.890150              0.445060              0.296868
 allq_rate_0p72    {"Q1": 0.72, "Q2": 0.72, "Q3": 0.72}      1.035687      0.890240              0.439857              0.296958
 allq_rate_0p74    {"Q1": 0.74, "Q2": 0.74, "Q3": 0.74}      1.040910      0.890533              0.445081              0.297251
 allq_rate_0p73    {"Q1": 0.73, "Q2": 0.73, "Q3": 0.73}      1.040224      0.890801              0.444394              0.297519
allq_rate_0p715 {"Q1": 0.715, "Q2": 0.715, "Q3": 0.715}      1.034979      0.891341              0.439150              0.298059
allq_rate_0p725 {"Q1": 0.725, "Q2": 0.725, "Q3": 0.725}      1.039025      0.891742              0.443196              0.298459
allq_rate_0p745 {"Q1": 0.745, "Q2": 0.745, "Q3": 0.745}      1.042561      0.892801              0.446731              0.299519
 allq_rate_0p75    {"Q1": 0.75, "Q2": 0.75, "Q3": 0.75}      1.042937      0.893801              0.447107              0.300518
 allq_rate_0p71    {"Q1": 0.71, "Q2": 0.71, "Q3": 0.71}      1.036399      0.894168              0.440569              0.300885
allq_rate_0p705 {"Q1": 0.705, "Q2": 0.705, "Q3": 0.705}      1.039998      0.899055              0.444168              0.305773
 allq_rate_0p69    {"Q1": 0.69, "Q2": 0.69, "Q3": 0.69}      1.040982      0.902493              0.445152              0.309210
allq_rate_0p695 {"Q1": 0.695, "Q2": 0.695, "Q3": 0.695}      1.041965      0.902736              0.446135              0.309454
allq_rate_0p685 {"Q1": 0.685, "Q2": 0.685, "Q3": 0.685}      1.041174      0.903609              0.445344              0.310326
  allq_rate_0p7       {"Q1": 0.7, "Q2": 0.7, "Q3": 0.7}      1.043130      0.905644              0.447301              0.312362
 allq_rate_0p68    {"Q1": 0.68, "Q2": 0.68, "Q3": 0.68}      1.041175      0.905721              0.445346              0.312439
allq_rate_0p675 {"Q1": 0.675, "Q2": 0.675, "Q3": 0.675}      1.039041      0.908709              0.443211              0.315427
 allq_rate_0p67    {"Q1": 0.67, "Q2": 0.67, "Q3": 0.67}      1.040956      0.912561              0.445126              0.319279
allq_rate_0p665 {"Q1": 0.665, "Q2": 0.665, "Q3": 0.665}      1.039186      0.917340              0.443356              0.324057
 allq_rate_0p66    {"Q1": 0.66, "Q2": 0.66, "Q3": 0.66}      1.037930      0.919168              0.442100              0.325886

No <= 0.55 local candidate yet. Do not submit from this run.
